<?xml version="1.0" encoding="UTF-8"?>
<coverage generated="1764061856840" clover="3.2.0">
  <project timestamp="1764061856840" name="All files">
    <metrics statements="49" coveredstatements="41" conditionals="25" coveredconditionals="4" methods="16" coveredmethods="8" elements="90" coveredelements="53" complexity="0" loc="49" ncloc="49" packages="3" files="11" classes="11"/>
    <package name="errors">
      <metrics statements="23" coveredstatements="19" conditionals="21" coveredconditionals="4" methods="6" coveredmethods="2"/>
      <file name="AppError.js" path="\\ckik-pdc\alkalmazottak\kassa.gergo\2025-26 BACKEND\KÖZÉP\shelter\api\errors\AppError.js">
        <metrics statements="7" coveredstatements="7" conditionals="12" coveredconditionals="4" methods="1" coveredmethods="1"/>
        <line num="12" count="1" type="stmt"/>
        <line num="14" count="1" type="stmt"/>
        <line num="16" count="1" type="stmt"/>
        <line num="18" count="1" type="cond" truecount="1" falsecount="1"/>
        <line num="20" count="1" type="cond" truecount="1" falsecount="1"/>
        <line num="22" count="1" type="cond" truecount="1" falsecount="1"/>
        <line num="26" count="1" type="stmt"/>
      </file>
      <file name="BadRequestError.js" path="\\ckik-pdc\alkalmazottak\kassa.gergo\2025-26 BACKEND\KÖZÉP\shelter\api\errors\BadRequestError.js">
        <metrics statements="3" coveredstatements="2" conditionals="2" coveredconditionals="0" methods="1" coveredmethods="0"/>
        <line num="1" count="1" type="stmt"/>
        <line num="7" count="0" type="stmt"/>
        <line num="11" count="1" type="stmt"/>
      </file>
      <file name="DbError.js" path="\\ckik-pdc\alkalmazottak\kassa.gergo\2025-26 BACKEND\KÖZÉP\shelter\api\errors\DbError.js">
        <metrics statements="3" coveredstatements="3" conditionals="2" coveredconditionals="0" methods="1" coveredmethods="1"/>
        <line num="1" count="1" type="stmt"/>
        <line num="7" count="1" type="stmt"/>
        <line num="11" count="1" type="stmt"/>
      </file>
      <file name="NotFoundError.js" path="\\ckik-pdc\alkalmazottak\kassa.gergo\2025-26 BACKEND\KÖZÉP\shelter\api\errors\NotFoundError.js">
        <metrics statements="3" coveredstatements="2" conditionals="2" coveredconditionals="0" methods="1" coveredmethods="0"/>
        <line num="1" count="1" type="stmt"/>
        <line num="7" count="0" type="stmt"/>
        <line num="11" count="1" type="stmt"/>
      </file>
      <file name="UnauthorizedError.js" path="\\ckik-pdc\alkalmazottak\kassa.gergo\2025-26 BACKEND\KÖZÉP\shelter\api\errors\UnauthorizedError.js">
        <metrics statements="3" coveredstatements="2" conditionals="2" coveredconditionals="0" methods="1" coveredmethods="0"/>
        <line num="1" count="1" type="stmt"/>
        <line num="7" count="0" type="stmt"/>
        <line num="11" count="1" type="stmt"/>
      </file>
      <file name="ValidationError.js" path="\\ckik-pdc\alkalmazottak\kassa.gergo\2025-26 BACKEND\KÖZÉP\shelter\api\errors\ValidationError.js">
        <metrics statements="3" coveredstatements="2" conditionals="1" coveredconditionals="0" methods="1" coveredmethods="0"/>
        <line num="1" count="1" type="stmt"/>
        <line num="7" count="0" type="stmt"/>
        <line num="11" count="1" type="stmt"/>
      </file>
      <file name="index.js" path="\\ckik-pdc\alkalmazottak\kassa.gergo\2025-26 BACKEND\KÖZÉP\shelter\api\errors\index.js">
        <metrics statements="1" coveredstatements="1" conditionals="0" coveredconditionals="0" methods="0" coveredmethods="0"/>
        <line num="1" count="1" type="stmt"/>
      </file>
    </package>
    <package name="models">
      <metrics statements="19" coveredstatements="15" conditionals="4" coveredconditionals="0" methods="7" coveredmethods="3"/>
      <file name="Animal.js" path="\\ckik-pdc\alkalmazottak\kassa.gergo\2025-26 BACKEND\KÖZÉP\shelter\api\models\Animal.js">
        <metrics statements="8" coveredstatements="5" conditionals="4" coveredconditionals="0" methods="4" coveredmethods="1"/>
        <line num="1" count="1" type="stmt"/>
        <line num="3" count="1" type="stmt"/>
        <line num="5" count="1" type="stmt"/>
        <line num="9" count="1" type="stmt"/>
        <line num="25" count="0" type="stmt"/>
        <line num="30" count="0" type="stmt"/>
        <line num="51" count="0" type="cond" truecount="0" falsecount="4"/>
        <line num="81" count="1" type="stmt"/>
      </file>
      <file name="Shelter.js" path="\\ckik-pdc\alkalmazottak\kassa.gergo\2025-26 BACKEND\KÖZÉP\shelter\api\models\Shelter.js">
        <metrics statements="5" coveredstatements="4" conditionals="0" coveredconditionals="0" methods="2" coveredmethods="1"/>
        <line num="21" count="1" type="stmt"/>
        <line num="23" count="1" type="stmt"/>
        <line num="27" count="1" type="stmt"/>
        <line num="47" count="0" type="stmt"/>
        <line num="57" count="1" type="stmt"/>
      </file>
      <file name="index.js" path="\\ckik-pdc\alkalmazottak\kassa.gergo\2025-26 BACKEND\KÖZÉP\shelter\api\models\index.js">
        <metrics statements="6" coveredstatements="6" conditionals="0" coveredconditionals="0" methods="1" coveredmethods="1"/>
        <line num="1" count="1" type="stmt"/>
        <line num="3" count="1" type="stmt"/>
        <line num="5" count="1" type="stmt"/>
        <line num="7" count="1" type="stmt"/>
        <line num="18" count="1" type="stmt"/>
        <line num="27" count="1" type="stmt"/>
      </file>
    </package>
    <package name="repositories">
      <metrics statements="7" coveredstatements="7" conditionals="0" coveredconditionals="0" methods="3" coveredmethods="3"/>
      <file name="ShelterRepository.js" path="\\ckik-pdc\alkalmazottak\kassa.gergo\2025-26 BACKEND\KÖZÉP\shelter\api\repositories\ShelterRepository.js">
        <metrics statements="7" coveredstatements="7" conditionals="0" coveredconditionals="0" methods="3" coveredmethods="3"/>
        <line num="1" count="1" type="stmt"/>
        <line num="7" count="2" type="stmt"/>
        <line num="12" count="3" type="stmt"/>
        <line num="14" count="3" type="stmt"/>
        <line num="21" count="1" type="stmt"/>
        <line num="27" count="1" type="stmt"/>
        <line num="31" count="1" type="stmt"/>
      </file>
    </package>
  </project>
</coverage>
