{"\\\\ckik-pdc\\alkalmazottak\\kassa.gergo\\2025-26 BACKEND\\KÖZÉP\\shelter\\api\\errors\\AppError.js": {"path":"\\\\ckik-pdc\\alkalmazottak\\kassa.gergo\\2025-26 BACKEND\\KÖZÉP\\shelter\\api\\errors\\AppError.js","statementMap":{"0":{"start":{"line":12,"column":8},"end":{"line":12,"column":23}},"1":{"start":{"line":14,"column":8},"end":{"line":14,"column":37}},"2":{"start":{"line":16,"column":8},"end":{"line":16,"column":43}},"3":{"start":{"line":18,"column":8},"end":{"line":18,"column":83}},"4":{"start":{"line":20,"column":8},"end":{"line":20,"column":77}},"5":{"start":{"line":22,"column":8},"end":{"line":22,"column":98}},"6":{"start":{"line":22,"column":50},"end":{"line":22,"column":98}},"7":{"start":{"line":26,"column":0},"end":{"line":26,"column":26}}},"fnMap":{"0":{"name":"(anonymous_0)","decl":{"start":{"line":3,"column":4},"end":{"line":3,"column":5}},"loc":{"start":{"line":11,"column":4},"end":{"line":23,"column":5}},"line":11}},"branchMap":{"0":{"loc":{"start":{"line":5,"column":8},"end":{"line":5,"column":41}},"type":"default-arg","locations":[{"start":{"line":5,"column":18},"end":{"line":5,"column":41}}],"line":5},"1":{"loc":{"start":{"line":6,"column":8},"end":{"line":9,"column":14}},"type":"default-arg","locations":[{"start":{"line":9,"column":12},"end":{"line":9,"column":14}}],"line":6},"2":{"loc":{"start":{"line":7,"column":12},"end":{"line":7,"column":28}},"type":"default-arg","locations":[{"start":{"line":7,"column":25},"end":{"line":7,"column":28}}],"line":7},"3":{"loc":{"start":{"line":7,"column":30},"end":{"line":7,"column":50}},"type":"default-arg","locations":[{"start":{"line":7,"column":46},"end":{"line":7,"column":50}}],"line":7},"4":{"loc":{"start":{"line":8,"column":12},"end":{"line":8,"column":31}},"type":"default-arg","locations":[{"start":{"line":8,"column":22},"end":{"line":8,"column":31}}],"line":8},"5":{"loc":{"start":{"line":8,"column":33},"end":{"line":8,"column":49}},"type":"default-arg","locations":[{"start":{"line":8,"column":40},"end":{"line":8,"column":49}}],"line":8},"6":{"loc":{"start":{"line":18,"column":23},"end":{"line":18,"column":82}},"type":"cond-expr","locations":[{"start":{"line":18,"column":63},"end":{"line":18,"column":70}},{"start":{"line":18,"column":73},"end":{"line":18,"column":82}}],"line":18},"7":{"loc":{"start":{"line":20,"column":20},"end":{"line":20,"column":76}},"type":"cond-expr","locations":[{"start":{"line":20,"column":60},"end":{"line":20,"column":64}},{"start":{"line":20,"column":67},"end":{"line":20,"column":76}}],"line":20},"8":{"loc":{"start":{"line":22,"column":8},"end":{"line":22,"column":98}},"type":"if","locations":[{"start":{"line":22,"column":8},"end":{"line":22,"column":98}},{"start":{},"end":{}}],"line":22}},"s":{"0":1,"1":1,"2":1,"3":1,"4":1,"5":1,"6":1,"7":1},"f":{"0":1},"b":{"0":[0],"1":[0],"2":[0],"3":[0],"4":[0],"5":[1],"6":[1,0],"7":[1,0],"8":[1,0]},"_coverageSchema":"1a1c01bbd47fc00a2c39e90264f33305004495a9","hash":"daf71f3a8b889274ec1952eb2d752d0b3dea9267"}
,"\\\\ckik-pdc\\alkalmazottak\\kassa.gergo\\2025-26 BACKEND\\KÖZÉP\\shelter\\api\\errors\\BadRequestError.js": {"path":"\\\\ckik-pdc\\alkalmazottak\\kassa.gergo\\2025-26 BACKEND\\KÖZÉP\\shelter\\api\\errors\\BadRequestError.js","statementMap":{"0":{"start":{"line":1,"column":17},"end":{"line":1,"column":38}},"1":{"start":{"line":7,"column":8},"end":{"line":7,"column":56}},"2":{"start":{"line":11,"column":0},"end":{"line":11,"column":33}}},"fnMap":{"0":{"name":"(anonymous_0)","decl":{"start":{"line":5,"column":4},"end":{"line":5,"column":5}},"loc":{"start":{"line":6,"column":4},"end":{"line":8,"column":5}},"line":6}},"branchMap":{"0":{"loc":{"start":{"line":5,"column":16},"end":{"line":5,"column":39}},"type":"default-arg","locations":[{"start":{"line":5,"column":26},"end":{"line":5,"column":39}}],"line":5},"1":{"loc":{"start":{"line":5,"column":41},"end":{"line":5,"column":53}},"type":"default-arg","locations":[{"start":{"line":5,"column":51},"end":{"line":5,"column":53}}],"line":5}},"s":{"0":1,"1":0,"2":1},"f":{"0":0},"b":{"0":[0],"1":[0]},"_coverageSchema":"1a1c01bbd47fc00a2c39e90264f33305004495a9","hash":"2a2ab9b6216cb7581f4a585f10905d5261ff4447"}
,"\\\\ckik-pdc\\alkalmazottak\\kassa.gergo\\2025-26 BACKEND\\KÖZÉP\\shelter\\api\\errors\\DbError.js": {"path":"\\\\ckik-pdc\\alkalmazottak\\kassa.gergo\\2025-26 BACKEND\\KÖZÉP\\shelter\\api\\errors\\DbError.js","statementMap":{"0":{"start":{"line":1,"column":17},"end":{"line":1,"column":38}},"1":{"start":{"line":7,"column":8},"end":{"line":7,"column":79}},"2":{"start":{"line":11,"column":0},"end":{"line":11,"column":25}}},"fnMap":{"0":{"name":"(anonymous_0)","decl":{"start":{"line":5,"column":4},"end":{"line":5,"column":5}},"loc":{"start":{"line":6,"column":4},"end":{"line":8,"column":5}},"line":6}},"branchMap":{"0":{"loc":{"start":{"line":5,"column":16},"end":{"line":5,"column":61}},"type":"default-arg","locations":[{"start":{"line":5,"column":26},"end":{"line":5,"column":61}}],"line":5},"1":{"loc":{"start":{"line":5,"column":63},"end":{"line":5,"column":75}},"type":"default-arg","locations":[{"start":{"line":5,"column":73},"end":{"line":5,"column":75}}],"line":5}},"s":{"0":1,"1":1,"2":1},"f":{"0":1},"b":{"0":[0],"1":[0]},"_coverageSchema":"1a1c01bbd47fc00a2c39e90264f33305004495a9","hash":"286d1bba85e8a1b4bd36f7074f9f9b8c27a18e37"}
,"\\\\ckik-pdc\\alkalmazottak\\kassa.gergo\\2025-26 BACKEND\\KÖZÉP\\shelter\\api\\errors\\NotFoundError.js": {"path":"\\\\ckik-pdc\\alkalmazottak\\kassa.gergo\\2025-26 BACKEND\\KÖZÉP\\shelter\\api\\errors\\NotFoundError.js","statementMap":{"0":{"start":{"line":1,"column":17},"end":{"line":1,"column":38}},"1":{"start":{"line":7,"column":8},"end":{"line":7,"column":57}},"2":{"start":{"line":11,"column":0},"end":{"line":11,"column":31}}},"fnMap":{"0":{"name":"(anonymous_0)","decl":{"start":{"line":5,"column":4},"end":{"line":5,"column":5}},"loc":{"start":{"line":6,"column":4},"end":{"line":8,"column":5}},"line":6}},"branchMap":{"0":{"loc":{"start":{"line":5,"column":16},"end":{"line":5,"column":67}},"type":"default-arg","locations":[{"start":{"line":5,"column":26},"end":{"line":5,"column":67}}],"line":5},"1":{"loc":{"start":{"line":5,"column":69},"end":{"line":5,"column":81}},"type":"default-arg","locations":[{"start":{"line":5,"column":79},"end":{"line":5,"column":81}}],"line":5}},"s":{"0":1,"1":0,"2":1},"f":{"0":0},"b":{"0":[0],"1":[0]},"_coverageSchema":"1a1c01bbd47fc00a2c39e90264f33305004495a9","hash":"65603e39cc72f3abc741496e72ffaec1a621d742"}
,"\\\\ckik-pdc\\alkalmazottak\\kassa.gergo\\2025-26 BACKEND\\KÖZÉP\\shelter\\api\\errors\\UnauthorizedError.js": {"path":"\\\\ckik-pdc\\alkalmazottak\\kassa.gergo\\2025-26 BACKEND\\KÖZÉP\\shelter\\api\\errors\\UnauthorizedError.js","statementMap":{"0":{"start":{"line":1,"column":17},"end":{"line":1,"column":38}},"1":{"start":{"line":7,"column":8},"end":{"line":7,"column":56}},"2":{"start":{"line":11,"column":0},"end":{"line":11,"column":35}}},"fnMap":{"0":{"name":"(anonymous_0)","decl":{"start":{"line":5,"column":4},"end":{"line":5,"column":5}},"loc":{"start":{"line":6,"column":4},"end":{"line":8,"column":5}},"line":6}},"branchMap":{"0":{"loc":{"start":{"line":5,"column":16},"end":{"line":5,"column":46}},"type":"default-arg","locations":[{"start":{"line":5,"column":26},"end":{"line":5,"column":46}}],"line":5},"1":{"loc":{"start":{"line":5,"column":48},"end":{"line":5,"column":60}},"type":"default-arg","locations":[{"start":{"line":5,"column":58},"end":{"line":5,"column":60}}],"line":5}},"s":{"0":1,"1":0,"2":1},"f":{"0":0},"b":{"0":[0],"1":[0]},"_coverageSchema":"1a1c01bbd47fc00a2c39e90264f33305004495a9","hash":"e234bb900c9f5c8f8b6df60dba790f6b1715d3e6"}
,"\\\\ckik-pdc\\alkalmazottak\\kassa.gergo\\2025-26 BACKEND\\KÖZÉP\\shelter\\api\\errors\\ValidationError.js": {"path":"\\\\ckik-pdc\\alkalmazottak\\kassa.gergo\\2025-26 BACKEND\\KÖZÉP\\shelter\\api\\errors\\ValidationError.js","statementMap":{"0":{"start":{"line":1,"column":17},"end":{"line":1,"column":38}},"1":{"start":{"line":7,"column":8},"end":{"line":7,"column":56}},"2":{"start":{"line":11,"column":0},"end":{"line":11,"column":33}}},"fnMap":{"0":{"name":"(anonymous_0)","decl":{"start":{"line":5,"column":4},"end":{"line":5,"column":5}},"loc":{"start":{"line":6,"column":4},"end":{"line":8,"column":5}},"line":6}},"branchMap":{"0":{"loc":{"start":{"line":5,"column":25},"end":{"line":5,"column":37}},"type":"default-arg","locations":[{"start":{"line":5,"column":35},"end":{"line":5,"column":37}}],"line":5}},"s":{"0":1,"1":0,"2":1},"f":{"0":0},"b":{"0":[0]},"_coverageSchema":"1a1c01bbd47fc00a2c39e90264f33305004495a9","hash":"8721081d6328410618254851e16f9c30265f5ff9"}
,"\\\\ckik-pdc\\alkalmazottak\\kassa.gergo\\2025-26 BACKEND\\KÖZÉP\\shelter\\api\\errors\\index.js": {"path":"\\\\ckik-pdc\\alkalmazottak\\kassa.gergo\\2025-26 BACKEND\\KÖZÉP\\shelter\\api\\errors\\index.js","statementMap":{"0":{"start":{"line":1,"column":0},"end":{"line":9,"column":1}}},"fnMap":{},"branchMap":{},"s":{"0":1},"f":{},"b":{},"_coverageSchema":"1a1c01bbd47fc00a2c39e90264f33305004495a9","hash":"a9f3ac2e0d78899b775138276bfd48bbed6b5ef1"}
,"\\\\ckik-pdc\\alkalmazottak\\kassa.gergo\\2025-26 BACKEND\\KÖZÉP\\shelter\\api\\models\\Animal.js": {"path":"\\\\ckik-pdc\\alkalmazottak\\kassa.gergo\\2025-26 BACKEND\\KÖZÉP\\shelter\\api\\models\\Animal.js","statementMap":{"0":{"start":{"line":1,"column":29},"end":{"line":1,"column":49}},"1":{"start":{"line":3,"column":28},"end":{"line":3,"column":48}},"2":{"start":{"line":5,"column":0},"end":{"line":82,"column":1}},"3":{"start":{"line":9,"column":4},"end":{"line":79,"column":6}},"4":{"start":{"line":25,"column":20},"end":{"line":25,"column":102}},"5":{"start":{"line":30,"column":20},"end":{"line":30,"column":36}},"6":{"start":{"line":51,"column":24},"end":{"line":51,"column":144}},"7":{"start":{"line":51,"column":49},"end":{"line":51,"column":144}},"8":{"start":{"line":81,"column":4},"end":{"line":81,"column":18}}},"fnMap":{"0":{"name":"(anonymous_0)","decl":{"start":{"line":5,"column":17},"end":{"line":5,"column":18}},"loc":{"start":{"line":6,"column":0},"end":{"line":82,"column":1}},"line":6},"1":{"name":"(anonymous_1)","decl":{"start":{"line":23,"column":16},"end":{"line":23,"column":17}},"loc":{"start":{"line":24,"column":16},"end":{"line":26,"column":17}},"line":24},"2":{"name":"(anonymous_2)","decl":{"start":{"line":28,"column":16},"end":{"line":28,"column":17}},"loc":{"start":{"line":29,"column":16},"end":{"line":31,"column":17}},"line":29},"3":{"name":"(anonymous_3)","decl":{"start":{"line":49,"column":20},"end":{"line":49,"column":21}},"loc":{"start":{"line":50,"column":20},"end":{"line":52,"column":21}},"line":50}},"branchMap":{"0":{"loc":{"start":{"line":51,"column":24},"end":{"line":51,"column":144}},"type":"if","locations":[{"start":{"line":51,"column":24},"end":{"line":51,"column":144}},{"start":{},"end":{}}],"line":51},"1":{"loc":{"start":{"line":51,"column":27},"end":{"line":51,"column":47}},"type":"binary-expr","locations":[{"start":{"line":51,"column":27},"end":{"line":51,"column":35}},{"start":{"line":51,"column":39},"end":{"line":51,"column":47}}],"line":51}},"s":{"0":1,"1":1,"2":1,"3":1,"4":0,"5":0,"6":0,"7":0,"8":1},"f":{"0":1,"1":0,"2":0,"3":0},"b":{"0":[0,0],"1":[0,0]},"_coverageSchema":"1a1c01bbd47fc00a2c39e90264f33305004495a9","hash":"89e329b26592fce4e0f6fd72b71f145125752b48"}
,"\\\\ckik-pdc\\alkalmazottak\\kassa.gergo\\2025-26 BACKEND\\KÖZÉP\\shelter\\api\\models\\Shelter.js": {"path":"\\\\ckik-pdc\\alkalmazottak\\kassa.gergo\\2025-26 BACKEND\\KÖZÉP\\shelter\\api\\models\\Shelter.js","statementMap":{"0":{"start":{"line":21,"column":29},"end":{"line":21,"column":49}},"1":{"start":{"line":23,"column":0},"end":{"line":58,"column":1}},"2":{"start":{"line":27,"column":4},"end":{"line":55,"column":6}},"3":{"start":{"line":47,"column":20},"end":{"line":47,"column":78}},"4":{"start":{"line":57,"column":4},"end":{"line":57,"column":19}}},"fnMap":{"0":{"name":"(anonymous_0)","decl":{"start":{"line":23,"column":17},"end":{"line":23,"column":18}},"loc":{"start":{"line":24,"column":0},"end":{"line":58,"column":1}},"line":24},"1":{"name":"(anonymous_1)","decl":{"start":{"line":45,"column":30},"end":{"line":45,"column":31}},"loc":{"start":{"line":46,"column":16},"end":{"line":48,"column":17}},"line":46}},"branchMap":{},"s":{"0":1,"1":1,"2":1,"3":0,"4":1},"f":{"0":1,"1":0},"b":{},"_coverageSchema":"1a1c01bbd47fc00a2c39e90264f33305004495a9","hash":"6539b56d2addbfc681fbd3c2f649811bd0c5cf5f"}
,"\\\\ckik-pdc\\alkalmazottak\\kassa.gergo\\2025-26 BACKEND\\KÖZÉP\\shelter\\api\\models\\index.js": {"path":"\\\\ckik-pdc\\alkalmazottak\\kassa.gergo\\2025-26 BACKEND\\KÖZÉP\\shelter\\api\\models\\index.js","statementMap":{"0":{"start":{"line":1,"column":0},"end":{"line":28,"column":1}},"1":{"start":{"line":3,"column":20},"end":{"line":3,"column":50}},"2":{"start":{"line":5,"column":21},"end":{"line":5,"column":52}},"3":{"start":{"line":7,"column":4},"end":{"line":16,"column":7}},"4":{"start":{"line":18,"column":4},"end":{"line":25,"column":7}},"5":{"start":{"line":27,"column":4},"end":{"line":27,"column":33}}},"fnMap":{"0":{"name":"(anonymous_0)","decl":{"start":{"line":1,"column":17},"end":{"line":1,"column":18}},"loc":{"start":{"line":2,"column":0},"end":{"line":28,"column":1}},"line":2}},"branchMap":{},"s":{"0":1,"1":1,"2":1,"3":1,"4":1,"5":1},"f":{"0":1},"b":{},"_coverageSchema":"1a1c01bbd47fc00a2c39e90264f33305004495a9","hash":"8a88cfb646b14efeae94034d489531c37a2676af"}
,"\\\\ckik-pdc\\alkalmazottak\\kassa.gergo\\2025-26 BACKEND\\KÖZÉP\\shelter\\api\\repositories\\ShelterRepository.js": {"path":"\\\\ckik-pdc\\alkalmazottak\\kassa.gergo\\2025-26 BACKEND\\KÖZÉP\\shelter\\api\\repositories\\ShelterRepository.js","statementMap":{"0":{"start":{"line":1,"column":20},"end":{"line":1,"column":40}},"1":{"start":{"line":7,"column":8},"end":{"line":7,"column":36}},"2":{"start":{"line":12,"column":8},"end":{"line":22,"column":9}},"3":{"start":{"line":14,"column":12},"end":{"line":17,"column":15}},"4":{"start":{"line":21,"column":12},"end":{"line":21,"column":119}},"5":{"start":{"line":27,"column":8},"end":{"line":27,"column":48}},"6":{"start":{"line":31,"column":0},"end":{"line":31,"column":35}}},"fnMap":{"0":{"name":"(anonymous_0)","decl":{"start":{"line":5,"column":4},"end":{"line":5,"column":5}},"loc":{"start":{"line":6,"column":4},"end":{"line":8,"column":5}},"line":6},"1":{"name":"(anonymous_1)","decl":{"start":{"line":10,"column":4},"end":{"line":10,"column":5}},"loc":{"start":{"line":11,"column":4},"end":{"line":23,"column":5}},"line":11},"2":{"name":"(anonymous_2)","decl":{"start":{"line":25,"column":4},"end":{"line":25,"column":5}},"loc":{"start":{"line":26,"column":4},"end":{"line":28,"column":5}},"line":26}},"branchMap":{},"s":{"0":1,"1":2,"2":3,"3":3,"4":1,"5":1,"6":1},"f":{"0":2,"1":3,"2":1},"b":{},"_coverageSchema":"1a1c01bbd47fc00a2c39e90264f33305004495a9","hash":"5222c180c3b6873c14e4bb5fe971a47548808e04"}
}
