TN:
SF:\\ckik-pdc\alkalmazottak\kassa.gergo\2025-26 BACKEND\KÖZÉP\shelter\api\errors\AppError.js
FN:3,(anonymous_0)
FNF:1
FNH:1
FNDA:1,(anonymous_0)
DA:12,1
DA:14,1
DA:16,1
DA:18,1
DA:20,1
DA:22,1
DA:26,1
LF:7
LH:7
BRDA:5,0,0,0
BRDA:6,1,0,0
BRDA:7,2,0,0
BRDA:7,3,0,0
BRDA:8,4,0,0
BRDA:8,5,0,1
BRDA:18,6,0,1
BRDA:18,6,1,0
BRDA:20,7,0,1
BRDA:20,7,1,0
BRDA:22,8,0,1
BRDA:22,8,1,0
BRF:12
BRH:4
end_of_record
TN:
SF:\\ckik-pdc\alkalmazottak\kassa.gergo\2025-26 BACKEND\KÖZÉP\shelter\api\errors\BadRequestError.js
FN:5,(anonymous_0)
FNF:1
FNH:0
FNDA:0,(anonymous_0)
DA:1,1
DA:7,0
DA:11,1
LF:3
LH:2
BRDA:5,0,0,0
BRDA:5,1,0,0
BRF:2
BRH:0
end_of_record
TN:
SF:\\ckik-pdc\alkalmazottak\kassa.gergo\2025-26 BACKEND\KÖZÉP\shelter\api\errors\DbError.js
FN:5,(anonymous_0)
FNF:1
FNH:1
FNDA:1,(anonymous_0)
DA:1,1
DA:7,1
DA:11,1
LF:3
LH:3
BRDA:5,0,0,0
BRDA:5,1,0,0
BRF:2
BRH:0
end_of_record
TN:
SF:\\ckik-pdc\alkalmazottak\kassa.gergo\2025-26 BACKEND\KÖZÉP\shelter\api\errors\NotFoundError.js
FN:5,(anonymous_0)
FNF:1
FNH:0
FNDA:0,(anonymous_0)
DA:1,1
DA:7,0
DA:11,1
LF:3
LH:2
BRDA:5,0,0,0
BRDA:5,1,0,0
BRF:2
BRH:0
end_of_record
TN:
SF:\\ckik-pdc\alkalmazottak\kassa.gergo\2025-26 BACKEND\KÖZÉP\shelter\api\errors\UnauthorizedError.js
FN:5,(anonymous_0)
FNF:1
FNH:0
FNDA:0,(anonymous_0)
DA:1,1
DA:7,0
DA:11,1
LF:3
LH:2
BRDA:5,0,0,0
BRDA:5,1,0,0
BRF:2
BRH:0
end_of_record
TN:
SF:\\ckik-pdc\alkalmazottak\kassa.gergo\2025-26 BACKEND\KÖZÉP\shelter\api\errors\ValidationError.js
FN:5,(anonymous_0)
FNF:1
FNH:0
FNDA:0,(anonymous_0)
DA:1,1
DA:7,0
DA:11,1
LF:3
LH:2
BRDA:5,0,0,0
BRF:1
BRH:0
end_of_record
TN:
SF:\\ckik-pdc\alkalmazottak\kassa.gergo\2025-26 BACKEND\KÖZÉP\shelter\api\errors\index.js
FNF:0
FNH:0
DA:1,1
LF:1
LH:1
BRF:0
BRH:0
end_of_record
TN:
SF:\\ckik-pdc\alkalmazottak\kassa.gergo\2025-26 BACKEND\KÖZÉP\shelter\api\models\Animal.js
FN:5,(anonymous_0)
FN:23,(anonymous_1)
FN:28,(anonymous_2)
FN:49,(anonymous_3)
FNF:4
FNH:1
FNDA:1,(anonymous_0)
FNDA:0,(anonymous_1)
FNDA:0,(anonymous_2)
FNDA:0,(anonymous_3)
DA:1,1
DA:3,1
DA:5,1
DA:9,1
DA:25,0
DA:30,0
DA:51,0
DA:81,1
LF:8
LH:5
BRDA:51,0,0,0
BRDA:51,0,1,0
BRDA:51,1,0,0
BRDA:51,1,1,0
BRF:4
BRH:0
end_of_record
TN:
SF:\\ckik-pdc\alkalmazottak\kassa.gergo\2025-26 BACKEND\KÖZÉP\shelter\api\models\Shelter.js
FN:23,(anonymous_0)
FN:45,(anonymous_1)
FNF:2
FNH:1
FNDA:1,(anonymous_0)
FNDA:0,(anonymous_1)
DA:21,1
DA:23,1
DA:27,1
DA:47,0
DA:57,1
LF:5
LH:4
BRF:0
BRH:0
end_of_record
TN:
SF:\\ckik-pdc\alkalmazottak\kassa.gergo\2025-26 BACKEND\KÖZÉP\shelter\api\models\index.js
FN:1,(anonymous_0)
FNF:1
FNH:1
FNDA:1,(anonymous_0)
DA:1,1
DA:3,1
DA:5,1
DA:7,1
DA:18,1
DA:27,1
LF:6
LH:6
BRF:0
BRH:0
end_of_record
TN:
SF:\\ckik-pdc\alkalmazottak\kassa.gergo\2025-26 BACKEND\KÖZÉP\shelter\api\repositories\ShelterRepository.js
FN:5,(anonymous_0)
FN:10,(anonymous_1)
FN:25,(anonymous_2)
FNF:3
FNH:3
FNDA:2,(anonymous_0)
FNDA:3,(anonymous_1)
FNDA:1,(anonymous_2)
DA:1,1
DA:7,2
DA:12,3
DA:14,3
DA:21,1
DA:27,1
DA:31,1
LF:7
LH:7
BRF:0
BRH:0
end_of_record
